This is pdfTeX, Version 3.141592653-2.6-1.40.24 (TeX Live 2022) (preloaded format=pdflatex 2022.6.20)  17 AUG 2022 13:46
entering extended mode
 restricted \write18 enabled.
 file:line:error style messages enabled.
 %&-line parsing enabled.
**c:/Users/DFrue/productboard/manuscripts/2022-06-introduction/main.tex
(c:/Users/DFrue/productboard/manuscripts/2022-06-introduction/main.tex
LaTeX2e <2022-06-01> patch level 1
L3 programming layer <2022-06-16> (c:/texlive/2022/texmf-dist/tex/latex/ieeetran/IEEEtran.cls
Document Class: IEEEtran 2015/08/26 V1.8b by Michael Shell
-- See the "IEEEtran_HOWTO" manual for usage information.
-- http://www.michaelshell.org/tex/ieeetran/
\@IEEEtrantmpdimenA=\dimen138
\@IEEEtrantmpdimenB=\dimen139
\@IEEEtrantmpdimenC=\dimen140
\@IEEEtrantmpcountA=\count185
\@IEEEtrantmpcountB=\count186
\@IEEEtrantmpcountC=\count187
\@IEEEtrantmptoksA=\toks16
LaTeX Font Info:    Trying to load font information for OT1+ptm on input line 503.
(c:/texlive/2022/texmf-dist/tex/latex/psnfss/ot1ptm.fd
File: ot1ptm.fd 2001/06/04 font definitions for OT1/ptm.
)
-- Using 8.5in x 11in (letter) paper.
-- Using PDF output.
\@IEEEnormalsizeunitybaselineskip=\dimen141
-- This is a 10 point document.
\CLASSINFOnormalsizebaselineskip=\dimen142
\CLASSINFOnormalsizeunitybaselineskip=\dimen143
\IEEEnormaljot=\dimen144
LaTeX Font Info:    Font shape `OT1/ptm/bx/n' in size <5> not available
(Font)              Font shape `OT1/ptm/b/n' tried instead on input line 1090.
LaTeX Font Info:    Font shape `OT1/ptm/bx/it' in size <5> not available
(Font)              Font shape `OT1/ptm/b/it' tried instead on input line 1090.
LaTeX Font Info:    Font shape `OT1/ptm/bx/n' in size <7> not available
(Font)              Font shape `OT1/ptm/b/n' tried instead on input line 1090.
LaTeX Font Info:    Font shape `OT1/ptm/bx/it' in size <7> not available
(Font)              Font shape `OT1/ptm/b/it' tried instead on input line 1090.
LaTeX Font Info:    Font shape `OT1/ptm/bx/n' in size <8> not available
(Font)              Font shape `OT1/ptm/b/n' tried instead on input line 1090.
LaTeX Font Info:    Font shape `OT1/ptm/bx/it' in size <8> not available
(Font)              Font shape `OT1/ptm/b/it' tried instead on input line 1090.
LaTeX Font Info:    Font shape `OT1/ptm/bx/n' in size <9> not available
(Font)              Font shape `OT1/ptm/b/n' tried instead on input line 1090.
LaTeX Font Info:    Font shape `OT1/ptm/bx/it' in size <9> not available
(Font)              Font shape `OT1/ptm/b/it' tried instead on input line 1090.
LaTeX Font Info:    Font shape `OT1/ptm/bx/n' in size <10> not available
(Font)              Font shape `OT1/ptm/b/n' tried instead on input line 1090.
LaTeX Font Info:    Font shape `OT1/ptm/bx/it' in size <10> not available
(Font)              Font shape `OT1/ptm/b/it' tried instead on input line 1090.
LaTeX Font Info:    Font shape `OT1/ptm/bx/n' in size <11> not available
(Font)              Font shape `OT1/ptm/b/n' tried instead on input line 1090.
LaTeX Font Info:    Font shape `OT1/ptm/bx/it' in size <11> not available
(Font)              Font shape `OT1/ptm/b/it' tried instead on input line 1090.
LaTeX Font Info:    Font shape `OT1/ptm/bx/n' in size <12> not available
(Font)              Font shape `OT1/ptm/b/n' tried instead on input line 1090.
LaTeX Font Info:    Font shape `OT1/ptm/bx/it' in size <12> not available
(Font)              Font shape `OT1/ptm/b/it' tried instead on input line 1090.
LaTeX Font Info:    Font shape `OT1/ptm/bx/n' in size <17> not available
(Font)              Font shape `OT1/ptm/b/n' tried instead on input line 1090.
LaTeX Font Info:    Font shape `OT1/ptm/bx/it' in size <17> not available
(Font)              Font shape `OT1/ptm/b/it' tried instead on input line 1090.
LaTeX Font Info:    Font shape `OT1/ptm/bx/n' in size <20> not available
(Font)              Font shape `OT1/ptm/b/n' tried instead on input line 1090.
LaTeX Font Info:    Font shape `OT1/ptm/bx/it' in size <20> not available
(Font)              Font shape `OT1/ptm/b/it' tried instead on input line 1090.
LaTeX Font Info:    Font shape `OT1/ptm/bx/n' in size <24> not available
(Font)              Font shape `OT1/ptm/b/n' tried instead on input line 1090.
LaTeX Font Info:    Font shape `OT1/ptm/bx/it' in size <24> not available
(Font)              Font shape `OT1/ptm/b/it' tried instead on input line 1090.
\IEEEquantizedlength=\dimen145
\IEEEquantizedlengthdiff=\dimen146
\IEEEquantizedtextheightdiff=\dimen147
\IEEEilabelindentA=\dimen148
\IEEEilabelindentB=\dimen149
\IEEEilabelindent=\dimen150
\IEEEelabelindent=\dimen151
\IEEEdlabelindent=\dimen152
\IEEElabelindent=\dimen153
\IEEEiednormlabelsep=\dimen154
\IEEEiedmathlabelsep=\dimen155
\IEEEiedtopsep=\skip47
\c@section=\count188
\c@subsection=\count189
\c@subsubsection=\count190
\c@paragraph=\count191
\c@IEEEsubequation=\count192
\abovecaptionskip=\skip48
\belowcaptionskip=\skip49
\c@figure=\count193
\c@table=\count194
\@IEEEeqnnumcols=\count195
\@IEEEeqncolcnt=\count196
\@IEEEsubeqnnumrollback=\count197
\@IEEEquantizeheightA=\dimen156
\@IEEEquantizeheightB=\dimen157
\@IEEEquantizeheightC=\dimen158
\@IEEEquantizeprevdepth=\dimen159
\@IEEEquantizemultiple=\count198
\@IEEEquantizeboxA=\box51
\@IEEEtmpitemindent=\dimen160
\IEEEPARstartletwidth=\dimen161
\c@IEEEbiography=\count199
\@IEEEtranrubishbin=\box52
) (c:/texlive/2022/texmf-dist/tex/latex/graphics/graphicx.sty
Package: graphicx 2021/09/16 v1.2d Enhanced LaTeX Graphics (DPC,SPQR)
 (c:/texlive/2022/texmf-dist/tex/latex/graphics/keyval.sty
Package: keyval 2022/05/29 v1.15 key=value parser (DPC)
\KV@toks@=\toks17
) (c:/texlive/2022/texmf-dist/tex/latex/graphics/graphics.sty
Package: graphics 2022/03/10 v1.4e Standard LaTeX Graphics (DPC,SPQR)
 (c:/texlive/2022/texmf-dist/tex/latex/graphics/trig.sty
Package: trig 2021/08/11 v1.11 sin cos tan (DPC)
) (c:/texlive/2022/texmf-dist/tex/latex/graphics-cfg/graphics.cfg
File: graphics.cfg 2016/06/04 v1.11 sample graphics configuration
)
Package graphics Info: Driver file: pdftex.def on input line 107.
 (c:/texlive/2022/texmf-dist/tex/latex/graphics-def/pdftex.def
File: pdftex.def 2020/10/05 v1.2a Graphics/color driver for pdftex
))
\Gin@req@height=\dimen162
\Gin@req@width=\dimen163
) (c:/texlive/2022/texmf-dist/tex/latex/l3backend/l3backend-pdftex.def
File: l3backend-pdftex.def 2022-04-20 L3 backend support: PDF output (pdfTeX)
\l__color_backend_stack_int=\count266
\l__pdf_internal_box=\box53
) (./main.aux)
\openout1 = `main.aux'.

LaTeX Font Info:    Checking defaults for OML/cmm/m/it on input line 17.
LaTeX Font Info:    ... okay on input line 17.
LaTeX Font Info:    Checking defaults for OMS/cmsy/m/n on input line 17.
LaTeX Font Info:    ... okay on input line 17.
LaTeX Font Info:    Checking defaults for OT1/cmr/m/n on input line 17.
LaTeX Font Info:    ... okay on input line 17.
LaTeX Font Info:    Checking defaults for T1/cmr/m/n on input line 17.
LaTeX Font Info:    ... okay on input line 17.
LaTeX Font Info:    Checking defaults for TS1/cmr/m/n on input line 17.
LaTeX Font Info:    ... okay on input line 17.
LaTeX Font Info:    Checking defaults for OMX/cmex/m/n on input line 17.
LaTeX Font Info:    ... okay on input line 17.
LaTeX Font Info:    Checking defaults for U/cmr/m/n on input line 17.
LaTeX Font Info:    ... okay on input line 17.

-- Lines per column: 58 (exact).
(c:/texlive/2022/texmf-dist/tex/context/base/mkii/supp-pdf.mkii
[Loading MPS to PDF converter (version 2006.09.02).]
\scratchcounter=\count267
\scratchdimen=\dimen164
\scratchbox=\box54
\nofMPsegments=\count268
\nofMParguments=\count269
\everyMPshowfont=\toks18
\MPscratchCnt=\count270
\MPscratchDim=\dimen165
\MPnumerator=\count271
\makeMPintoPDFobject=\count272
\everyMPtoPDFconversion=\toks19
) (c:/texlive/2022/texmf-dist/tex/latex/epstopdf-pkg/epstopdf-base.sty
Package: epstopdf-base 2020-01-24 v2.11 Base part for package epstopdf
Package epstopdf-base Info: Redefining graphics rule for `.eps' on input line 485.
 (c:/texlive/2022/texmf-dist/tex/latex/latexconfig/epstopdf-sys.cfg
File: epstopdf-sys.cfg 2010/07/13 v1.3 Configuration of (r)epstopdf for TeX Live
)) (./text/1_introduction.tex [1{c:/texlive/2022/texmf-var/fonts/map/pdftex/updmap/pdftex.map}


]) (./text/2_oursolution.tex
<./graphics//packages-v3.png, id=10, 374.39874pt x 474.77374pt>
File: ./graphics//packages-v3.png Graphic file (type png)
<use ./graphics//packages-v3.png>
Package pdftex.def Info: ./graphics//packages-v3.png  used on input line 13.
(pdftex.def)             Requested size: 252.0pt x 319.56013pt.
 [2 <./graphics//packages-v3.png>]
LaTeX Font Info:    External font `cmex10' loaded for size
(Font)              <7> on input line 49.
LaTeX Font Info:    External font `cmex10' loaded for size
(Font)              <5> on input line 49.
 [3]
<./graphics//entities-v5.png, id=20, 1911.14pt x 1120.185pt>
File: ./graphics//entities-v5.png Graphic file (type png)
<use ./graphics//entities-v5.png>
Package pdftex.def Info: ./graphics//entities-v5.png  used on input line 65.
(pdftex.def)             Requested size: 516.0pt x 302.4369pt.
<./graphics//erDiagram-v1.png, id=21, 1198.4775pt x 1423.3175pt>
File: ./graphics//erDiagram-v1.png Graphic file (type png)
<use ./graphics//erDiagram-v1.png>
Package pdftex.def Info: ./graphics//erDiagram-v1.png  used on input line 75.
(pdftex.def)             Requested size: 516.0pt x 612.81818pt.
LaTeX Font Info:    Trying to load font information for OT1+pcr on input line 94.
 (c:/texlive/2022/texmf-dist/tex/latex/psnfss/ot1pcr.fd
File: ot1pcr.fd 2001/06/04 font definitions for OT1/pcr.
) [4] [5 <./graphics//entities-v5.png>]
<./graphics//userlevelpermissions.JPG, id=29, 373.395pt x 165.61874pt>
File: ./graphics//userlevelpermissions.JPG Graphic file (type jpg)
<use ./graphics//userlevelpermissions.JPG>
Package pdftex.def Info: ./graphics//userlevelpermissions.JPG  used on input line 187.
(pdftex.def)             Requested size: 199.16928pt x 88.34106pt.


LaTeX Warning: `h' float specifier changed to `ht'.

<./graphics//memberlevelpermissions.JPG, id=30, 405.01312pt x 594.72188pt>
File: ./graphics//memberlevelpermissions.JPG Graphic file (type jpg)
<use ./graphics//memberlevelpermissions.JPG>
Package pdftex.def Info: ./graphics//memberlevelpermissions.JPG  used on input line 197.
(pdftex.def)             Requested size: 199.16928pt x 292.46893pt.

LaTeX Warning: `h' float specifier changed to `ht'.

<./graphics//startpage.JPG, id=31, 1445.4pt x 464.4853pt>
File: ./graphics//startpage.JPG Graphic file (type jpg)
<use ./graphics//startpage.JPG>
Package pdftex.def Info: ./graphics//startpage.JPG  used on input line 210.
(pdftex.def)             Requested size: 199.16928pt x 63.99982pt.

LaTeX Warning: `h' float specifier changed to `ht'.

<./graphics//newproductview.JPG, id=32, 1443.14156pt x 727.96968pt>
File: ./graphics//newproductview.JPG Graphic file (type jpg)
<use ./graphics//newproductview.JPG>
Package pdftex.def Info: ./graphics//newproductview.JPG  used on input line 217.
(pdftex.def)             Requested size: 199.16928pt x 100.45992pt.

LaTeX Warning: `h' float specifier changed to `ht'.

<./graphics//usermanagement.JPG, id=33, 1444.64719pt x 438.8897pt>
File: ./graphics//usermanagement.JPG Graphic file (type jpg)
<use ./graphics//usermanagement.JPG>
Package pdftex.def Info: ./graphics//usermanagement.JPG  used on input line 227.
(pdftex.def)             Requested size: 199.16928pt x 60.50656pt.

LaTeX Warning: `h' float specifier changed to `ht'.

<./graphics//usersettingsview.JPG, id=34, 1445.4pt x 634.62094pt>
File: ./graphics//usersettingsview.JPG Graphic file (type jpg)
<use ./graphics//usersettingsview.JPG>
Package pdftex.def Info: ./graphics//usersettingsview.JPG  used on input line 234.
(pdftex.def)             Requested size: 199.16928pt x 87.44221pt.

LaTeX Warning: `h' float specifier changed to `ht'.

[6]
<./graphics//versionview.JPG, id=38, 1445.4pt x 732.48656pt>
File: ./graphics//versionview.JPG Graphic file (type jpg)
<use ./graphics//versionview.JPG>
Package pdftex.def Info: ./graphics//versionview.JPG  used on input line 244.
(pdftex.def)             Requested size: 199.16928pt x 100.92677pt.


LaTeX Warning: `h' float specifier changed to `ht'.

<./graphics//versionsettingsview.JPG, id=39, 1445.4pt x 733.23938pt>
File: ./graphics//versionsettingsview.JPG Graphic file (type jpg)
<use ./graphics//versionsettingsview.JPG>
Package pdftex.def Info: ./graphics//versionsettingsview.JPG  used on input line 251.
(pdftex.def)             Requested size: 199.16928pt x 101.0305pt.

LaTeX Warning: `h' float specifier changed to `ht'.

<./graphics//issueview.JPG, id=40, 1445.4pt x 732.48656pt>
File: ./graphics//issueview.JPG Graphic file (type jpg)
<use ./graphics//issueview.JPG>
Package pdftex.def Info: ./graphics//issueview.JPG  used on input line 261.
(pdftex.def)             Requested size: 199.16928pt x 100.92677pt.

LaTeX Warning: `h' float specifier changed to `ht'.

<./graphics//issuesettingsview.JPG, id=41, 1445.4pt x 728.7225pt>
File: ./graphics//issuesettingsview.JPG Graphic file (type jpg)
<use ./graphics//issuesettingsview.JPG>
Package pdftex.def Info: ./graphics//issuesettingsview.JPG  used on input line 268.
(pdftex.def)             Requested size: 199.16928pt x 100.40814pt.

LaTeX Warning: `h' float specifier changed to `ht'.

<./graphics//commentview.JPG, id=42, 1443.89438pt x 726.46407pt>
File: ./graphics//commentview.JPG Graphic file (type jpg)
<use ./graphics//commentview.JPG>
Package pdftex.def Info: ./graphics//commentview.JPG  used on input line 278.
(pdftex.def)             Requested size: 199.16928pt x 100.19672pt.

LaTeX Warning: `h' float specifier changed to `ht'.

<./graphics//commentselectedpartview.JPG, id=43, 1445.4pt x 729.47531pt>
File: ./graphics//commentselectedpartview.JPG Graphic file (type jpg)
<use ./graphics//commentselectedpartview.JPG>
Package pdftex.def Info: ./graphics//commentselectedpartview.JPG  used on input line 285.
(pdftex.def)             Requested size: 199.16928pt x 100.51186pt.

LaTeX Warning: `h' float specifier changed to `ht'.

<./graphics//milestoneview.JPG, id=44, 1445.4pt x 730.98094pt>
File: ./graphics//milestoneview.JPG Graphic file (type jpg)
<use ./graphics//milestoneview.JPG>
Package pdftex.def Info: ./graphics//milestoneview.JPG  used on input line 295.
(pdftex.def)             Requested size: 199.16928pt x 100.71931pt.

LaTeX Warning: `h' float specifier changed to `ht'.

<./graphics//sprintview.JPG, id=45, 1443.89438pt x 727.21687pt>
File: ./graphics//sprintview.JPG Graphic file (type jpg)
<use ./graphics//sprintview.JPG>
Package pdftex.def Info: ./graphics//sprintview.JPG  used on input line 302.
(pdftex.def)             Requested size: 199.16928pt x 100.30055pt.

LaTeX Warning: `h' float specifier changed to `ht'.

<./graphics//milestonesettingsview.JPG, id=46, 1445.4pt x 722.7pt>
File: ./graphics//milestonesettingsview.JPG Graphic file (type jpg)
<use ./graphics//milestonesettingsview.JPG>
Package pdftex.def Info: ./graphics//milestonesettingsview.JPG  used on input line 309.
(pdftex.def)             Requested size: 199.16928pt x 99.57831pt.

LaTeX Warning: `h' float specifier changed to `ht'.

<./graphics//memberview.JPG, id=47, 1445.4pt x 730.22812pt>
File: ./graphics//memberview.JPG Graphic file (type jpg)
<use ./graphics//memberview.JPG>
Package pdftex.def Info: ./graphics//memberview.JPG  used on input line 319.
(pdftex.def)             Requested size: 199.16928pt x 100.61559pt.

LaTeX Warning: `h' float specifier changed to `ht'.

<./graphics//membersettingsview.JPG, id=48, 1440.13031pt x 732.48656pt>
File: ./graphics//membersettingsview.JPG Graphic file (type jpg)
<use ./graphics//membersettingsview.JPG>
Package pdftex.def Info: ./graphics//membersettingsview.JPG  used on input line 326.
(pdftex.def)             Requested size: 199.16928pt x 101.29561pt.

LaTeX Warning: `h' float specifier changed to `ht'.

<./graphics//productsettingsview.JPG, id=49, 1438.6247pt x 727.96968pt>
File: ./graphics//productsettingsview.JPG Graphic file (type jpg)
<use ./graphics//productsettingsview.JPG>
Package pdftex.def Info: ./graphics//productsettingsview.JPG  used on input line 335.
(pdftex.def)             Requested size: 199.16928pt x 100.78204pt.
) (./text/3_finalpart.tex

LaTeX Warning: `h' float specifier changed to `ht'.


Underfull \vbox (badness 2080) has occurred while \output is active []

 [7]) (./main.bbl) [8] [9 <./graphics//erDiagram-v1.png>] [10 <./graphics//userlevelpermissions.JPG> <./graphics//memberlevelpermissions.JPG> <./graphics//startpage.JPG> <./graphics//newproductview.JPG> <./graphics//usermanagement.JPG> <./graphics//usersettingsview.JPG> <./graphics//versionview.JPG> <./graphics//versionsettingsview.JPG> <./graphics//issueview.JPG>] [11 <./graphics//issuesettingsview.JPG> <./graphics//commentview.JPG> <./graphics//commentselectedpartview.JPG> <./graphics//milestoneview.JPG> <./graphics//sprintview.JPG> <./graphics//milestonesettingsview.JPG> <./graphics//memberview.JPG> <./graphics//membersettingsview.JPG> <./graphics//productsettingsview.JPG>] (./main.aux) ) 
Here is how much of TeX's memory you used:
 2384 strings out of 478038
 45571 string characters out of 5843069
 369219 words of memory out of 5000000
 20813 multiletter control sequences out of 15000+600000
 501355 words of font info for 80 fonts, out of 8000000 for 9000
 1141 hyphenation exceptions out of 8191
 55i,7n,62p,2866b,223s stack positions out of 10000i,1000n,20000p,200000b,200000s
{c:/texlive/2022/texmf-dist/fonts/enc/dvips/base/8r.enc}<c:/texlive/2022/texmf-dist/fonts/type1/public/amsfonts/cm/cmsy7.pfb><c:/texlive/2022/texmf-dist/fonts/type1/urw/courier/ucrr8a.pfb><c:/texlive/2022/texmf-dist/fonts/type1/urw/times/utmb8a.pfb><c:/texlive/2022/texmf-dist/fonts/type1/urw/times/utmbi8a.pfb><c:/texlive/2022/texmf-dist/fonts/type1/urw/times/utmr8a.pfb><c:/texlive/2022/texmf-dist/fonts/type1/urw/times/utmri8a.pfb>
Output written on main.pdf (11 pages, 2412601 bytes).
PDF statistics:
 94 PDF objects out of 1000 (max. 8388607)
 46 compressed objects within 1 object stream
 0 named destinations out of 1000 (max. 500000)
 106 words of extra memory for PDF output out of 10000 (max. 10000000)

